Build started 1/17/2016 9:33:18 PM.
     1>Project "C:\Users\RADIO\Documents\Visual Studio 2010\Projects\PowerSDR_HPSDR_mRX_PS\Source\wdsp\wdsp.vcxproj" on node 2 (build target(s)).
     1>InitializeBuildStatus:
         Touching "Debug\wdsp.unsuccessfulbuild".
       ClCompile:
         All outputs are up-to-date.
       ManifestResourceCompile:
         All outputs are up-to-date.
     1>C:\Program Files (x86)\MSBuild\Microsoft.Cpp\v4.0\Microsoft.CppBuild.targets(990,5): warning MSB8012: TargetPath(C:\Users\RADIO\Documents\Visual Studio 2010\Projects\PowerSDR_HPSDR_mRX_PS\Source\Debug\wdsp.dll) does not match the Linker's OutputFile property value (C:\Users\RADIO\Documents\Visual Studio 2010\Projects\PowerSDR_HPSDR_mRX_PS\bin\Debug\wdsp.dll). This may cause your project to build incorrectly. To correct this, please make sure that $(OutDir), $(TargetName) and $(TargetExt) property values match the value specified in %(Link.OutputFile).
       Link:
         c:\Program Files (x86)\Microsoft Visual Studio 10.0\VC\bin\link.exe /ERRORREPORT:PROMPT /OUT:"../../bin/Debug/wdsp.dll" /INCREMENTAL /NOLOGO /LIBPATH:../Debug /LIBPATH:../../lib/portaudio_VS2008/build/msvc/Win32/Debug "libfftw3-3.lib" pa19.lib kernel32.lib user32.lib gdi32.lib winspool.lib comdlg32.lib advapi32.lib shell32.lib ole32.lib oleaut32.lib uuid.lib odbc32.lib odbccp32.lib /MANIFEST /ManifestFile:"Debug\wdsp.dll.intermediate.manifest" /MANIFESTUAC:"level='asInvoker' uiAccess='false'" /DEBUG /PDB:"C:\Users\RADIO\Documents\Visual Studio 2010\Projects\PowerSDR_HPSDR_mRX_PS\Source\Debug\wdsp.pdb" /SUBSYSTEM:WINDOWS /TLBID:1 /DYNAMICBASE /NXCOMPAT /IMPLIB:"C:\Users\RADIO\Documents\Visual Studio 2010\Projects\PowerSDR_HPSDR_mRX_PS\Source\Debug\wdsp.lib" /MACHINE:X86 /DLL Debug\wdsp.dll.embed.manifest.res
         Debug\amd.obj
         Debug\ammod.obj
         Debug\amsq.obj
         Debug\analyzer.obj
         Debug\anf.obj
         Debug\anr.obj
         Debug\bandpass.obj
         Debug\calcc.obj
         Debug\cblock.obj
         Debug\cfir.obj
         Debug\compress.obj
         Debug\delay.obj
         Debug\div.obj
         Debug\eer.obj
         Debug\emnr.obj
         Debug\emph.obj
         Debug\eq.obj
         Debug\channel.obj
         Debug\fcurve.obj
         Debug\fmd.obj
         Debug\gain.obj
         Debug\gen.obj
         Debug\iir.obj
         Debug\iqc.obj
         Debug\meterlog10.obj
         Debug\fir.obj
         Debug\fmmod.obj
         Debug\iobuffs.obj
         Debug\main.obj
         Debug\meter.obj
         Debug\nob.obj
         Debug\nobII.obj
         Debug\osctrl.obj
         Debug\patchpanel.obj
         Debug\resample.obj
         Debug\RXA.obj
         Debug\sender.obj
         Debug\shift.obj
         Debug\siphon.obj
         Debug\fmsq.obj
         Debug\slew.obj
         Debug\TXA.obj
         Debug\utilities.obj
         Debug\wcpAGC.obj
         Debug\wisdom.obj
     1>LINK : fatal error LNK1104: cannot open file 'pa19.lib'
     1>Done Building Project "C:\Users\RADIO\Documents\Visual Studio 2010\Projects\PowerSDR_HPSDR_mRX_PS\Source\wdsp\wdsp.vcxproj" (build target(s)) -- FAILED.

Build FAILED.

Time Elapsed 00:00:00.62
