c:\users\radio\documents\visual studio 2015\projects\powersdr_v2.7.2\source\powermate\release\powermate.pch
c:\users\radio\documents\visual studio 2015\projects\powersdr_v2.7.2\source\powermate\release\vc140.pdb
c:\users\radio\documents\visual studio 2015\projects\powersdr_v2.7.2\source\powermate\release\stdafx.obj
c:\users\radio\documents\visual studio 2015\projects\powersdr_v2.7.2\source\powermate\release\powermate.obj
c:\users\radio\documents\visual studio 2015\projects\powersdr_v2.7.2\source\powermate\release\eventshelper.obj
c:\users\radio\documents\visual studio 2015\projects\powersdr_v2.7.2\source\powermate\release\assemblyinfo.obj
c:\users\radio\documents\visual studio 2015\projects\powersdr_v2.7.2\source\powermate\release\.netframework,version=v4.0.assemblyattributes.obj
c:\users\radio\documents\visual studio 2015\projects\powersdr_v2.7.2\source\powermate\release\.netframework,version=v4.0.assemblyattributes.asm
c:\users\radio\documents\visual studio 2015\projects\powersdr_v2.7.2\source\release\powermate.dll
c:\users\radio\documents\visual studio 2015\projects\powersdr_v2.7.2\source\powermate\release\app.res
c:\users\radio\documents\visual studio 2015\projects\powersdr_v2.7.2\source\powermate\release\powermate.vcxprojresolveassemblyreference.cache
c:\users\radio\documents\visual studio 2015\projects\powersdr_v2.7.2\source\powermate\release\powermate.tlog\cl.command.1.tlog
c:\users\radio\documents\visual studio 2015\projects\powersdr_v2.7.2\source\powermate\release\powermate.tlog\cl.read.1.tlog
c:\users\radio\documents\visual studio 2015\projects\powersdr_v2.7.2\source\powermate\release\powermate.tlog\cl.write.1.tlog
c:\users\radio\documents\visual studio 2015\projects\powersdr_v2.7.2\source\powermate\release\powermate.tlog\link.command.1.tlog
c:\users\radio\documents\visual studio 2015\projects\powersdr_v2.7.2\source\powermate\release\powermate.tlog\link.read.1.tlog
c:\users\radio\documents\visual studio 2015\projects\powersdr_v2.7.2\source\powermate\release\powermate.tlog\link.write.1.tlog
c:\users\radio\documents\visual studio 2015\projects\powersdr_v2.7.2\source\powermate\release\powermate.tlog\metagen.read.1.tlog
c:\users\radio\documents\visual studio 2015\projects\powersdr_v2.7.2\source\powermate\release\powermate.tlog\metagen.write.1.tlog
c:\users\radio\documents\visual studio 2015\projects\powersdr_v2.7.2\source\powermate\release\powermate.tlog\rc.command.1.tlog
c:\users\radio\documents\visual studio 2015\projects\powersdr_v2.7.2\source\powermate\release\powermate.tlog\rc.read.1.tlog
c:\users\radio\documents\visual studio 2015\projects\powersdr_v2.7.2\source\powermate\release\powermate.tlog\rc.write.1.tlog
c:\users\radio\documents\visual studio 2015\projects\powersdr_v2.7.2\source\powermate\release\powermate.tlog\tzres.dll.bi
