c:\users\radio\documents\visual studio 2015\projects\powersdr_v2.7.2\source\powermate\debug\powermate.pch
c:\users\radio\documents\visual studio 2015\projects\powersdr_v2.7.2\source\powermate\debug\vc140.pdb
c:\users\radio\documents\visual studio 2015\projects\powersdr_v2.7.2\source\powermate\debug\stdafx.obj
c:\users\radio\documents\visual studio 2015\projects\powersdr_v2.7.2\source\powermate\debug\eventshelper.obj
c:\users\radio\documents\visual studio 2015\projects\powersdr_v2.7.2\source\powermate\debug\powermate.obj
c:\users\radio\documents\visual studio 2015\projects\powersdr_v2.7.2\source\powermate\debug\assemblyinfo.obj
c:\users\radio\documents\visual studio 2015\projects\powersdr_v2.7.2\source\powermate\debug\.netframework,version=v4.0.assemblyattributes.obj
c:\users\radio\documents\visual studio 2015\projects\powersdr_v2.7.2\source\powermate\debug\.netframework,version=v4.0.assemblyattributes.asm
c:\users\radio\documents\visual studio 2015\projects\powersdr_v2.7.2\source\powermate\debug\app.res
c:\users\radio\documents\visual studio 2015\projects\powersdr_v2.7.2\source\debug\powermate.pdb
c:\users\radio\documents\visual studio 2015\projects\powersdr_v2.7.2\source\powermate\debug\powermate.tlog\cl.command.1.tlog
c:\users\radio\documents\visual studio 2015\projects\powersdr_v2.7.2\source\powermate\debug\powermate.tlog\cl.read.1.tlog
c:\users\radio\documents\visual studio 2015\projects\powersdr_v2.7.2\source\powermate\debug\powermate.tlog\cl.write.1.tlog
c:\users\radio\documents\visual studio 2015\projects\powersdr_v2.7.2\source\powermate\debug\powermate.tlog\link.3716-cvtres.read.1.tlog
c:\users\radio\documents\visual studio 2015\projects\powersdr_v2.7.2\source\powermate\debug\powermate.tlog\link.3716-cvtres.write.1.tlog
c:\users\radio\documents\visual studio 2015\projects\powersdr_v2.7.2\source\powermate\debug\powermate.tlog\link.3716-rc.read.1.tlog
c:\users\radio\documents\visual studio 2015\projects\powersdr_v2.7.2\source\powermate\debug\powermate.tlog\link.3716-rc.write.1.tlog
c:\users\radio\documents\visual studio 2015\projects\powersdr_v2.7.2\source\powermate\debug\powermate.tlog\link.3716.read.1.tlog
c:\users\radio\documents\visual studio 2015\projects\powersdr_v2.7.2\source\powermate\debug\powermate.tlog\link.3716.write.1.tlog
c:\users\radio\documents\visual studio 2015\projects\powersdr_v2.7.2\source\powermate\debug\powermate.tlog\link.command.1.tlog
c:\users\radio\documents\visual studio 2015\projects\powersdr_v2.7.2\source\powermate\debug\powermate.tlog\link.read.1.tlog
c:\users\radio\documents\visual studio 2015\projects\powersdr_v2.7.2\source\powermate\debug\powermate.tlog\link.write.1.tlog
c:\users\radio\documents\visual studio 2015\projects\powersdr_v2.7.2\source\powermate\debug\powermate.tlog\metagen.read.1.tlog
c:\users\radio\documents\visual studio 2015\projects\powersdr_v2.7.2\source\powermate\debug\powermate.tlog\metagen.write.1.tlog
c:\users\radio\documents\visual studio 2015\projects\powersdr_v2.7.2\source\powermate\debug\powermate.tlog\rc.command.1.tlog
c:\users\radio\documents\visual studio 2015\projects\powersdr_v2.7.2\source\powermate\debug\powermate.tlog\rc.read.1.tlog
c:\users\radio\documents\visual studio 2015\projects\powersdr_v2.7.2\source\powermate\debug\powermate.tlog\rc.write.1.tlog
c:\users\radio\documents\visual studio 2015\projects\powersdr_v2.7.2\source\powermate\debug\powermate.tlog\tzres.dll.bi
