Build started 11/23/2016 12:52:06 PM.
     1>Project "C:\Users\RADIO\Documents\Visual Studio 2015\Projects\PowerSDR_v2.7.2\Source\DttSP\DttSP.vcxproj" on node 2 (Rebuild target(s)).
     1>_PrepareForClean:
         Deleting file "../../temp/Release/DttSP\DttSP.tlog\DttSP.lastbuildstate".
       InitializeBuildStatus:
         Creating "../../temp/Release/DttSP\DttSP.tlog\unsuccessfulbuild" because "AlwaysCreate" was specified.
       ClCompile:
         C:\Program Files (x86)\Microsoft Visual Studio 14.0\VC\bin\CL.exe /c /I.\win /I..\FFTW /I..\pthread /I. /Z7 /nologo /W3 /WX- /O2 /Ob2 /Oi /Ot /Oy- /GT /D WIN32 /D NDEBUG /D _WINDOWS /D _USRDLL /D DttSP_EXPORTS /D __CLEANUP_C /D _WIN32_WINNT=0x0500 /D _CRT_SECURE_NO_WARNINGS /D _VC80_UPGRADE=0x0710 /D _WINDLL /Gm- /EHsc /MT /GS /Gy- /arch:SSE /fp:precise /fp:except- /Zc:wchar_t /Zc:forScope /Zc:inline /GR /openmp- /Fo"../../temp/Release/DttSP\\" /Fd"../../temp/Release/DttSP\vc140.pdb" /Gd /TC /analyze- /errorReport:prompt /D_WIN32_WINNT=0x0500 am_demod.c banal.c bufvec.c correctIQ.c cwtones.c cxops.c dcblock.c dttspagc.c filt2p2z.c filter.c filterbank.c fm_demod.c graphiceq.c hilbert.c isoband.c keyd.c keyer.c keyerio.c lmadf.c malloc16.c meter.c noiseblanker.c oscillator.c ovsv.c resample.c resampleF.c ringb.c sdr.c sdrexport.c spectrum.c speechproc.c splitfields.c spottone.c update.c window.c winmain.c wscompand.c
         am_demod.c
         banal.c
         bufvec.c
         correctIQ.c
         cwtones.c
         cxops.c
         dcblock.c
         dttspagc.c
         filt2p2z.c
         filter.c
         filterbank.c
         fm_demod.c
         graphiceq.c
         hilbert.c
         isoband.c
         keyd.c
         keyer.c
         keyerio.c
         lmadf.c
         malloc16.c
         Generating Code...
         Compiling...
         meter.c
         noiseblanker.c
         oscillator.c
         ovsv.c
         resample.c
         resampleF.c
         ringb.c
         sdr.c
         sdrexport.c
         spectrum.c
         speechproc.c
         splitfields.c
         spottone.c
         update.c
         window.c
         winmain.c
         wscompand.c
         Generating Code...
         C:\Program Files (x86)\Microsoft Visual Studio 14.0\VC\bin\CL.exe /c /I.\win /I..\FFTW /I..\pthread /I. /Z7 /nologo /W3 /WX- /O2 /Ob2 /Oi /Ot /Oy- /GT /D WIN32 /D NDEBUG /D _WINDOWS /D _USRDLL /D DttSP_EXPORTS /D __CLEANUP_C /D _WIN32_WINNT=0x0500 /D _CRT_SECURE_NO_WARNINGS /D _VC80_UPGRADE=0x0710 /D _WINDLL /Gm- /EHsc /MT /GS /Gy- /arch:SSE /fp:precise /fp:except- /Zc:wchar_t /Zc:forScope /Zc:inline /GR /openmp- /Fo"../../temp/Release/DttSP\fastrig1.obj" /Fd"../../temp/Release/DttSP\vc140.pdb" /Gd /TC /analyze- /errorReport:prompt /D_WIN32_WINNT=0x0500 fastrig.c
         fastrig.c
       ResourceCompile:
         C:\Program Files (x86)\Windows Kits\8.1\bin\x86\rc.exe /D _VC80_UPGRADE=0x0710 /l"0x0409" /nologo /fo"../../temp/Release/DttSP\DttSP.res" DttSP.rc 
     1>C:\Program Files (x86)\MSBuild\Microsoft.Cpp\v4.0\V140\Microsoft.CppBuild.targets(1189,5): warning MSB8012: TargetPath(C:\Users\RADIO\Documents\Visual Studio 2015\Projects\PowerSDR_v2.7.2\Source\DttSP\../../temp/Release/DttSP\DttSP.dll) does not match the Linker's OutputFile property value (C:\Users\RADIO\Documents\Visual Studio 2015\Projects\PowerSDR_v2.7.2\bin\Release\DttSP.dll). This may cause your project to build incorrectly. To correct this, please make sure that $(OutDir), $(TargetName) and $(TargetExt) property values match the value specified in %(Link.OutputFile).
       Link:
         C:\Program Files (x86)\Microsoft Visual Studio 14.0\VC\bin\link.exe /ERRORREPORT:PROMPT /OUT:"../../bin/Release/DttSP.dll" /INCREMENTAL:NO /NOLOGO winMM.lib "libfftw3f-3.lib" pthreadVC.lib /DEF:"./DttSP.def" /MANIFEST /MANIFESTUAC:"level='asInvoker' uiAccess='false'" /manifest:embed /DEBUG /PDB:"../../temp/Release/DttSP\DttSP.pdb" /MAP:"../../temp/Release/DttSP\DttSP.map" /SUBSYSTEM:WINDOWS /HEAP:"0","0" /STACK:"0","0" /TLBID:1 /DYNAMICBASE:NO /IMPLIB:"../../temp/Release/DttSP\DttSP.lib" /SAFESEH /DLL ../../temp/Release/DttSP\DttSP.res
         ../../temp/Release/DttSP\\am_demod.obj
         ../../temp/Release/DttSP\\banal.obj
         ../../temp/Release/DttSP\\bufvec.obj
         ../../temp/Release/DttSP\\correctIQ.obj
         ../../temp/Release/DttSP\\cwtones.obj
         ../../temp/Release/DttSP\\cxops.obj
         ../../temp/Release/DttSP\\dcblock.obj
         ../../temp/Release/DttSP\\dttspagc.obj
         ../../temp/Release/DttSP\\filt2p2z.obj
         ../../temp/Release/DttSP\\filter.obj
         ../../temp/Release/DttSP\\filterbank.obj
         ../../temp/Release/DttSP\\fm_demod.obj
         ../../temp/Release/DttSP\\graphiceq.obj
         ../../temp/Release/DttSP\\hilbert.obj
         ../../temp/Release/DttSP\\isoband.obj
         ../../temp/Release/DttSP\\keyd.obj
         ../../temp/Release/DttSP\\keyer.obj
         ../../temp/Release/DttSP\\keyerio.obj
         ../../temp/Release/DttSP\\lmadf.obj
         ../../temp/Release/DttSP\\malloc16.obj
         ../../temp/Release/DttSP\\meter.obj
         ../../temp/Release/DttSP\\noiseblanker.obj
         ../../temp/Release/DttSP\\oscillator.obj
         ../../temp/Release/DttSP\\ovsv.obj
         ../../temp/Release/DttSP\\resample.obj
         ../../temp/Release/DttSP\\resampleF.obj
         ../../temp/Release/DttSP\\ringb.obj
         ../../temp/Release/DttSP\\sdr.obj
         ../../temp/Release/DttSP\\sdrexport.obj
         ../../temp/Release/DttSP\\spectrum.obj
         ../../temp/Release/DttSP\\speechproc.obj
         ../../temp/Release/DttSP\\splitfields.obj
         ../../temp/Release/DttSP\\spottone.obj
         ../../temp/Release/DttSP\\update.obj
         ../../temp/Release/DttSP\\window.obj
         ../../temp/Release/DttSP\\winmain.obj
         ../../temp/Release/DttSP\\wscompand.obj
         ../../temp/Release/DttSP\fastrig1.obj
            Creating library ../../temp/Release/DttSP\DttSP.lib and object ../../temp/Release/DttSP\DttSP.exp
         DttSP.vcxproj -> C:\Users\RADIO\Documents\Visual Studio 2015\Projects\PowerSDR_v2.7.2\Source\DttSP\../../temp/Release/DttSP\DttSP.dll
         DttSP.vcxproj -> ../../temp/Release/DttSP\DttSP.pdb (Full PDB)
       FinalizeBuildStatus:
         Deleting file "../../temp/Release/DttSP\DttSP.tlog\unsuccessfulbuild".
         Touching "../../temp/Release/DttSP\DttSP.tlog\DttSP.lastbuildstate".
     1>Done Building Project "C:\Users\RADIO\Documents\Visual Studio 2015\Projects\PowerSDR_v2.7.2\Source\DttSP\DttSP.vcxproj" (Rebuild target(s)).

Build succeeded.

Time Elapsed 00:00:29.50
