c:\users\radio\documents\visual studio 2015\projects\powersdr_v2.7.2\temp\release\dttsp\malloc16.obj
c:\users\radio\documents\visual studio 2015\projects\powersdr_v2.7.2\temp\release\dttsp\lmadf.obj
c:\users\radio\documents\visual studio 2015\projects\powersdr_v2.7.2\temp\release\dttsp\keyerio.obj
c:\users\radio\documents\visual studio 2015\projects\powersdr_v2.7.2\temp\release\dttsp\keyer.obj
c:\users\radio\documents\visual studio 2015\projects\powersdr_v2.7.2\temp\release\dttsp\keyd.obj
c:\users\radio\documents\visual studio 2015\projects\powersdr_v2.7.2\temp\release\dttsp\isoband.obj
c:\users\radio\documents\visual studio 2015\projects\powersdr_v2.7.2\temp\release\dttsp\hilbert.obj
c:\users\radio\documents\visual studio 2015\projects\powersdr_v2.7.2\temp\release\dttsp\graphiceq.obj
c:\users\radio\documents\visual studio 2015\projects\powersdr_v2.7.2\temp\release\dttsp\fm_demod.obj
c:\users\radio\documents\visual studio 2015\projects\powersdr_v2.7.2\temp\release\dttsp\filterbank.obj
c:\users\radio\documents\visual studio 2015\projects\powersdr_v2.7.2\temp\release\dttsp\filter.obj
c:\users\radio\documents\visual studio 2015\projects\powersdr_v2.7.2\temp\release\dttsp\filt2p2z.obj
c:\users\radio\documents\visual studio 2015\projects\powersdr_v2.7.2\temp\release\dttsp\dttspagc.obj
c:\users\radio\documents\visual studio 2015\projects\powersdr_v2.7.2\temp\release\dttsp\dcblock.obj
c:\users\radio\documents\visual studio 2015\projects\powersdr_v2.7.2\temp\release\dttsp\cxops.obj
c:\users\radio\documents\visual studio 2015\projects\powersdr_v2.7.2\temp\release\dttsp\cwtones.obj
c:\users\radio\documents\visual studio 2015\projects\powersdr_v2.7.2\temp\release\dttsp\correctiq.obj
c:\users\radio\documents\visual studio 2015\projects\powersdr_v2.7.2\temp\release\dttsp\bufvec.obj
c:\users\radio\documents\visual studio 2015\projects\powersdr_v2.7.2\temp\release\dttsp\banal.obj
c:\users\radio\documents\visual studio 2015\projects\powersdr_v2.7.2\temp\release\dttsp\am_demod.obj
c:\users\radio\documents\visual studio 2015\projects\powersdr_v2.7.2\temp\release\dttsp\wscompand.obj
c:\users\radio\documents\visual studio 2015\projects\powersdr_v2.7.2\temp\release\dttsp\winmain.obj
c:\users\radio\documents\visual studio 2015\projects\powersdr_v2.7.2\temp\release\dttsp\window.obj
c:\users\radio\documents\visual studio 2015\projects\powersdr_v2.7.2\temp\release\dttsp\update.obj
c:\users\radio\documents\visual studio 2015\projects\powersdr_v2.7.2\temp\release\dttsp\spottone.obj
c:\users\radio\documents\visual studio 2015\projects\powersdr_v2.7.2\temp\release\dttsp\splitfields.obj
c:\users\radio\documents\visual studio 2015\projects\powersdr_v2.7.2\temp\release\dttsp\speechproc.obj
c:\users\radio\documents\visual studio 2015\projects\powersdr_v2.7.2\temp\release\dttsp\spectrum.obj
c:\users\radio\documents\visual studio 2015\projects\powersdr_v2.7.2\temp\release\dttsp\sdrexport.obj
c:\users\radio\documents\visual studio 2015\projects\powersdr_v2.7.2\temp\release\dttsp\sdr.obj
c:\users\radio\documents\visual studio 2015\projects\powersdr_v2.7.2\temp\release\dttsp\ringb.obj
c:\users\radio\documents\visual studio 2015\projects\powersdr_v2.7.2\temp\release\dttsp\resamplef.obj
c:\users\radio\documents\visual studio 2015\projects\powersdr_v2.7.2\temp\release\dttsp\resample.obj
c:\users\radio\documents\visual studio 2015\projects\powersdr_v2.7.2\temp\release\dttsp\ovsv.obj
c:\users\radio\documents\visual studio 2015\projects\powersdr_v2.7.2\temp\release\dttsp\oscillator.obj
c:\users\radio\documents\visual studio 2015\projects\powersdr_v2.7.2\temp\release\dttsp\noiseblanker.obj
c:\users\radio\documents\visual studio 2015\projects\powersdr_v2.7.2\temp\release\dttsp\meter.obj
c:\users\radio\documents\visual studio 2015\projects\powersdr_v2.7.2\temp\release\dttsp\fastrig1.obj
c:\users\radio\documents\visual studio 2015\projects\powersdr_v2.7.2\temp\release\dttsp\dttsp.lib
c:\users\radio\documents\visual studio 2015\projects\powersdr_v2.7.2\temp\release\dttsp\dttsp.exp
c:\users\radio\documents\visual studio 2015\projects\powersdr_v2.7.2\bin\release\dttsp.dll
c:\users\radio\documents\visual studio 2015\projects\powersdr_v2.7.2\temp\release\dttsp\dttsp.map
c:\users\radio\documents\visual studio 2015\projects\powersdr_v2.7.2\temp\release\dttsp\dttsp.pdb
c:\users\radio\documents\visual studio 2015\projects\powersdr_v2.7.2\temp\release\dttsp\dttsp.res
c:\users\radio\documents\visual studio 2015\projects\powersdr_v2.7.2\temp\release\dttsp\dttsp.tlog\cl.command.1.tlog
c:\users\radio\documents\visual studio 2015\projects\powersdr_v2.7.2\temp\release\dttsp\dttsp.tlog\cl.read.1.tlog
c:\users\radio\documents\visual studio 2015\projects\powersdr_v2.7.2\temp\release\dttsp\dttsp.tlog\cl.write.1.tlog
c:\users\radio\documents\visual studio 2015\projects\powersdr_v2.7.2\temp\release\dttsp\dttsp.tlog\dttsp.write.1u.tlog
c:\users\radio\documents\visual studio 2015\projects\powersdr_v2.7.2\temp\release\dttsp\dttsp.tlog\link.command.1.tlog
c:\users\radio\documents\visual studio 2015\projects\powersdr_v2.7.2\temp\release\dttsp\dttsp.tlog\link.read.1.tlog
c:\users\radio\documents\visual studio 2015\projects\powersdr_v2.7.2\temp\release\dttsp\dttsp.tlog\link.write.1.tlog
c:\users\radio\documents\visual studio 2015\projects\powersdr_v2.7.2\temp\release\dttsp\dttsp.tlog\rc.command.1.tlog
c:\users\radio\documents\visual studio 2015\projects\powersdr_v2.7.2\temp\release\dttsp\dttsp.tlog\rc.read.1.tlog
c:\users\radio\documents\visual studio 2015\projects\powersdr_v2.7.2\temp\release\dttsp\dttsp.tlog\rc.write.1.tlog
